Active-HDL 15.0.261.9132 2025-09-11 18:11:09

Elaboration top modules:
Architecture                  Driver(Test_Latch8)


----------------------------------------------------------------------------------------------------
Entity      | Architecture | Library       | Info | Compiler Version          | Compilation Options
----------------------------------------------------------------------------------------------------
Test_Latch8 | Driver       | tda_workspace |      | 15.0.261.9132 (Windows64) | -O3
Latch8      | Estructura   | tda_workspace |      | 15.0.261.9132 (Windows64) | -O3
DFF         | flujodedatos | tda_workspace |      | 15.0.261.9132 (Windows64) | -O3
----------------------------------------------------------------------------------------------------

----------------------------------------------------------------------------------------------------
VHDL Package               | Library       | Info | Compiler Version          | Compilation Options
----------------------------------------------------------------------------------------------------
standard                   | std           |      |                           | <unavailable>
----------------------------------------------------------------------------------------------------

----------------------------------------------------------------------------------------------------
Library                    | Comment
----------------------------------------------------------------------------------------------------
std                        | Standard VHDL library
tda_workspace              | None
----------------------------------------------------------------------------------------------------


Simulation Options: asim -O5 +access +r +m+test_latch8 test_latch8 driver


The performance of simulation is reduced. Version Student Edition
