# ELBREAD: Elaboration process.
# ELBREAD: Elaboration time 0.0 [s].
acom -O3 -e 100 -work TDA_Workspace -2002  $dsn/src/Practica09/test_mult4.vhd
# Compile Entity "Mult4"
# Compile Architecture "behaviour" of Entity "Mult4"
# Error: COMP96_0018: Practica09/test_mult4.vhd : (63, 3): Identifier expected.
# Error: COMP96_0018: Practica09/test_mult4.vhd : (71, 3): Identifier expected.
# Error: COMP96_0724: Practica09/test_mult4.vhd : (74, 7): ',' or ')' expected.
# Error: COMP96_0015: Practica09/test_mult4.vhd : (74, 9): ';' expected.
# Error: COMP96_0724: Practica09/test_mult4.vhd : (84, 7): ',' or ')' expected.
# Error: COMP96_0015: Practica09/test_mult4.vhd : (84, 9): ';' expected.
# Error: COMP96_0724: Practica09/test_mult4.vhd : (94, 7): ',' or ')' expected.
# Error: COMP96_0015: Practica09/test_mult4.vhd : (94, 9): ';' expected.
# Compile failure 8 Errors 0 Warnings  Analysis time :  31.0 [ms]
acom -O3 -e 100 -work TDA_Workspace -2002  $dsn/src/Practica09/test_mult4.vhd
# Compile Entity "Mult4"
# Compile Architecture "behaviour" of Entity "Mult4"
# Error: COMP96_0724: Practica09/test_mult4.vhd : (74, 7): ',' or ')' expected.
# Error: COMP96_0015: Practica09/test_mult4.vhd : (74, 9): ';' expected.
# Error: COMP96_0724: Practica09/test_mult4.vhd : (84, 7): ',' or ')' expected.
# Error: COMP96_0015: Practica09/test_mult4.vhd : (84, 9): ';' expected.
# Error: COMP96_0724: Practica09/test_mult4.vhd : (94, 7): ',' or ')' expected.
# Error: COMP96_0015: Practica09/test_mult4.vhd : (94, 9): ';' expected.
# Compile failure 6 Errors 0 Warnings  Analysis time :  0.0 [ms]
acom -O3 -e 100 -work TDA_Workspace -2002  $dsn/src/Practica09/test_mult4.vhd
# Compile Entity "Mult4"
# Compile Architecture "behaviour" of Entity "Mult4"
# Error: COMP96_0018: Practica09/test_mult4.vhd : (91, 3): Identifier expected.
# Error: COMP96_0018: Practica09/test_mult4.vhd : (101, 3): Identifier expected.
# Compile failure 2 Errors 0 Warnings  Analysis time :  0.0 [ms]
acom -O3 -e 100 -work TDA_Workspace -2002  $dsn/src/Practica09/test_mult4.vhd
# Compile Entity "Mult4"
# Compile Architecture "behaviour" of Entity "Mult4"
# Compile success 0 Errors 0 Warnings  Analysis time :  47.0 [ms]
acom -O3 -e 100 -work TDA_Workspace -2002  $dsn/src/Practica09/test_mult4.vhd
# Compile Entity "Mult4"
# Compile Architecture "behaviour" of Entity "Mult4"
# Compile success 0 Errors 0 Warnings  Analysis time :  31.0 [ms]
acom -O3 -e 100 -work TDA_Workspace -2002  $dsn/src/Practica09/test_mult4.vhd
# Compile Entity "Mult4"
# Compile Architecture "behaviour" of Entity "Mult4"
# Compile Entity "test_mult4"
# Compile Architecture "Driver" of Entity "test_mult4"
# Error: COMP96_0018: Practica09/test_mult4.vhd : (115, 2): Identifier expected.
# Error: COMP96_0018: Practica09/test_mult4.vhd : (121, 14): Identifier expected.
# Error: COMP96_0028: Practica09/test_mult4.vhd : (127, 7): Identifier or keyword expected.
# Compile failure 3 Errors 0 Warnings  Analysis time :  94.0 [ms]
acom -O3 -e 100 -work TDA_Workspace -2002  $dsn/src/Practica09/test_mult4.vhd
# Compile Entity "Mult4"
# Compile Architecture "behaviour" of Entity "Mult4"
# Compile Entity "test_mult4"
# Compile Architecture "Driver" of Entity "test_mult4"
# Error: COMP96_0028: Practica09/test_mult4.vhd : (127, 7): Identifier or keyword expected.
# Compile failure 1 Errors 0 Warnings  Analysis time :  31.0 [ms]
acom -O3 -e 100 -work TDA_Workspace -2002  $dsn/src/Practica09/test_mult4.vhd
# Compile Entity "Mult4"
# Compile Architecture "behaviour" of Entity "Mult4"
# Compile Entity "test_mult4"
# Compile Architecture "Driver" of Entity "test_mult4"
# Error: COMP96_0033: Practica09/test_mult4.vhd : (132, 13): Missing actual.
# Compile failure 1 Errors 0 Warnings  Analysis time :  16.0 [ms]
acom -O3 -e 100 -work TDA_Workspace -2002  $dsn/src/Practica09/test_mult4.vhd
# Compile Entity "Mult4"
# Compile Architecture "behaviour" of Entity "Mult4"
# Compile Entity "test_mult4"
# Compile Architecture "Driver" of Entity "test_mult4"
# Warning: DAGGEN_0001: Practica09/test_mult4.vhd : (138, 0): Process without explicit or implicit wait statement - possible infinite loop.
# Compile success 0 Errors 1 Warnings  Analysis time :  47.0 [ms]
acom -O3 -e 100 -work TDA_Workspace -2002  $dsn/src/Practica09/test_mult4.vhd
# Compile Entity "Mult4"
# Compile Architecture "behaviour" of Entity "Mult4"
# Compile Entity "test_mult4"
# Compile Architecture "Driver" of Entity "test_mult4"
# Compile success 0 Errors 0 Warnings  Analysis time :  47.0 [ms]
# ELBREAD: Elaboration process.
# ELBREAD: Elaboration time 0.0 [s].
asim -O5 +access +r +m+test_mult4 test_mult4 driver
# ELBREAD: Elaboration process.
# ELBREAD: Elaboration time 0.0 [s].
# VSIM: Stack memory: 32MB
# VSIM: Retval memory: 32MB
# 
# KERNEL: Main thread initiated.
# KERNEL: Kernel process initialization phase.
# ELAB2: Elaboration final pass...
# ELAB2: Create instances ...
# KERNEL: Time resolution set to 1ps.
# ELAB2: Create instances complete.
# SLP: Started
# SLP: Elaboration phase ...
# SLP: Elaboration phase ... skipped, nothing to simulate in SLP mode : 0.0 [s]
# SLP: Finished : 0.0 [s]
# ELAB2: Elaboration final pass complete - time: 0.1 [s].
# KERNEL: Warning: You are using the Active-HDL Student Edition. The performance of simulation is running at a reduced rate.
# KERNEL: Warning: Contact Aldec for available upgrade options - sales@aldec.com.
# KERNEL: Kernel process initialization done.
# Allocation: Simulator allocated 6408 kB (elbread=427 elab2=5845 kernel=135 sdf=0)
# KERNEL: ASDB file was created in location C:\Users\Joaco\Universidad\TDA\TDA_Workspace\TDA_Workspace\src\wave.asdb
#  17:30, sábado, 1 de noviembre de 2025
#  Simulation has been initialized
run
endsim
# KERNEL: stopped at time: 3146017 ns
# VSIM: Simulation has finished.
acom -O3 -e 100 -work TDA_Workspace -2002  $dsn/src/Practica09/test_mult4.vhd
# Compile Entity "Mult4"
# Compile Architecture "behaviour" of Entity "Mult4"
# Compile Entity "test_mult4"
# Compile Architecture "Driver" of Entity "test_mult4"
# Compile success 0 Errors 0 Warnings  Analysis time :  47.0 [ms]
asim -O5 +access +r +m+test_mult4 test_mult4 driver
# ELBREAD: Elaboration process.
# ELBREAD: Elaboration time 0.0 [s].
# VSIM: Stack memory: 32MB
# VSIM: Retval memory: 32MB
# 
# KERNEL: Main thread initiated.
# KERNEL: Kernel process initialization phase.
# ELAB2: Elaboration final pass...
# ELAB2: Create instances ...
# KERNEL: Time resolution set to 1ps.
# ELAB2: Create instances complete.
# SLP: Started
# SLP: Elaboration phase ...
# SLP: Elaboration phase ... skipped, nothing to simulate in SLP mode : 0.0 [s]
# SLP: Finished : 0.0 [s]
# ELAB2: Elaboration final pass complete - time: 0.0 [s].
# KERNEL: Warning: You are using the Active-HDL Student Edition. The performance of simulation is running at a reduced rate.
# KERNEL: Warning: Contact Aldec for available upgrade options - sales@aldec.com.
# KERNEL: Kernel process initialization done.
# Allocation: Simulator allocated 6408 kB (elbread=427 elab2=5845 kernel=135 sdf=0)
# KERNEL: ASDB file was created in location C:\Users\Joaco\Universidad\TDA\TDA_Workspace\TDA_Workspace\src\wave.asdb
#  17:32, sábado, 1 de noviembre de 2025
#  Simulation has been initialized
run 100 ns
# KERNEL: stopped at time: 100 ns
# add wave -noreg {/test_mult4/A}
# add wave -noreg {/test_mult4/B}
# add wave -noreg {/test_mult4/Result}
# add wave -noreg {/test_mult4/Done}
# add wave -noreg {/test_mult4/STB}
# add wave -noreg {/test_mult4/CLK}
# VSIM: 6 object(s) traced.
# Waveform file 'untitled.awc' connected to 'C:/Users/Joaco/Universidad/TDA/TDA_Workspace/TDA_Workspace/src/wave.asdb'.
endsim
# VSIM: Simulation has finished.
asim -O5 +access +r +m+test_mult4 test_mult4 driver
# ELBREAD: Elaboration process.
# ELBREAD: Elaboration time 0.0 [s].
# VSIM: Stack memory: 32MB
# VSIM: Retval memory: 32MB
# 
# KERNEL: Main thread initiated.
# KERNEL: Kernel process initialization phase.
# ELAB2: Elaboration final pass...
# ELAB2: Create instances ...
# KERNEL: Time resolution set to 1ps.
# ELAB2: Create instances complete.
# SLP: Started
# SLP: Elaboration phase ...
# SLP: Elaboration phase ... skipped, nothing to simulate in SLP mode : 0.0 [s]
# SLP: Finished : 0.0 [s]
# ELAB2: Elaboration final pass complete - time: 0.0 [s].
# KERNEL: Warning: You are using the Active-HDL Student Edition. The performance of simulation is running at a reduced rate.
# KERNEL: Warning: Contact Aldec for available upgrade options - sales@aldec.com.
# KERNEL: Kernel process initialization done.
# Allocation: Simulator allocated 6408 kB (elbread=427 elab2=5845 kernel=135 sdf=0)
# KERNEL: ASDB file was created in location C:\Users\Joaco\Universidad\TDA\TDA_Workspace\TDA_Workspace\src\wave.asdb
#  17:32, sábado, 1 de noviembre de 2025
#  Simulation has been initialized
# Waveform file 'untitled.awc' connected to 'C:/Users/Joaco/Universidad/TDA/TDA_Workspace/TDA_Workspace/src/wave.asdb'.
run 100 ns
# KERNEL: stopped at time: 100 ns
endsim
# VSIM: Simulation has finished.
asim -O5 +access +r +m+test_mult4 test_mult4 driver
# ELBREAD: Elaboration process.
# ELBREAD: Elaboration time 0.0 [s].
# VSIM: Stack memory: 32MB
# VSIM: Retval memory: 32MB
# 
# KERNEL: Main thread initiated.
# KERNEL: Kernel process initialization phase.
# ELAB2: Elaboration final pass...
# ELAB2: Create instances ...
# KERNEL: Time resolution set to 1ps.
# ELAB2: Create instances complete.
# SLP: Started
# SLP: Elaboration phase ...
# SLP: Elaboration phase ... skipped, nothing to simulate in SLP mode : 0.0 [s]
# SLP: Finished : 0.0 [s]
# ELAB2: Elaboration final pass complete - time: 0.0 [s].
# KERNEL: Warning: You are using the Active-HDL Student Edition. The performance of simulation is running at a reduced rate.
# KERNEL: Warning: Contact Aldec for available upgrade options - sales@aldec.com.
# KERNEL: Kernel process initialization done.
# Allocation: Simulator allocated 6408 kB (elbread=427 elab2=5845 kernel=135 sdf=0)
# KERNEL: ASDB file was created in location C:\Users\Joaco\Universidad\TDA\TDA_Workspace\TDA_Workspace\src\wave.asdb
#  17:32, sábado, 1 de noviembre de 2025
#  Simulation has been initialized
# Waveform file 'untitled.awc' connected to 'C:/Users/Joaco/Universidad/TDA/TDA_Workspace/TDA_Workspace/src/wave.asdb'.
run
endsim
# KERNEL: stopped at time: 476110 ns
# VSIM: Simulation has finished.
asim -O5 +access +r +m+test_mult4 test_mult4 driver
# ELBREAD: Elaboration process.
# ELBREAD: Elaboration time 0.0 [s].
# VSIM: Stack memory: 32MB
# VSIM: Retval memory: 32MB
# 
# KERNEL: Main thread initiated.
# KERNEL: Kernel process initialization phase.
# ELAB2: Elaboration final pass...
# ELAB2: Create instances ...
# KERNEL: Time resolution set to 1ps.
# ELAB2: Create instances complete.
# SLP: Started
# SLP: Elaboration phase ...
# SLP: Elaboration phase ... skipped, nothing to simulate in SLP mode : 0.0 [s]
# SLP: Finished : 0.0 [s]
# ELAB2: Elaboration final pass complete - time: 0.0 [s].
# KERNEL: Warning: You are using the Active-HDL Student Edition. The performance of simulation is running at a reduced rate.
# KERNEL: Warning: Contact Aldec for available upgrade options - sales@aldec.com.
# KERNEL: Kernel process initialization done.
# Allocation: Simulator allocated 6408 kB (elbread=427 elab2=5845 kernel=135 sdf=0)
# KERNEL: ASDB file was created in location C:\Users\Joaco\Universidad\TDA\TDA_Workspace\TDA_Workspace\src\wave.asdb
#  17:34, sábado, 1 de noviembre de 2025
#  Simulation has been initialized
# Waveform file 'untitled.awc' connected to 'C:/Users/Joaco/Universidad/TDA/TDA_Workspace/TDA_Workspace/src/wave.asdb'.
run 200 ns
# KERNEL: stopped at time: 200 ns
run 300 ns
# KERNEL: stopped at time: 500 ns
endsim
# VSIM: Simulation has finished.
asim -O5 +access +r +m+test_mult4 test_mult4 driver
# ELBREAD: Elaboration process.
# ELBREAD: Elaboration time 0.0 [s].
# VSIM: Stack memory: 32MB
# VSIM: Retval memory: 32MB
# 
# KERNEL: Main thread initiated.
# KERNEL: Kernel process initialization phase.
# ELAB2: Elaboration final pass...
# ELAB2: Create instances ...
# KERNEL: Time resolution set to 1ps.
# ELAB2: Create instances complete.
# SLP: Started
# SLP: Elaboration phase ...
# SLP: Elaboration phase ... skipped, nothing to simulate in SLP mode : 0.0 [s]
# SLP: Finished : 0.0 [s]
# ELAB2: Elaboration final pass complete - time: 0.0 [s].
# KERNEL: Warning: You are using the Active-HDL Student Edition. The performance of simulation is running at a reduced rate.
# KERNEL: Warning: Contact Aldec for available upgrade options - sales@aldec.com.
# KERNEL: Kernel process initialization done.
# Allocation: Simulator allocated 6408 kB (elbread=427 elab2=5845 kernel=135 sdf=0)
# KERNEL: ASDB file was created in location C:\Users\Joaco\Universidad\TDA\TDA_Workspace\TDA_Workspace\src\wave.asdb
#  17:35, sábado, 1 de noviembre de 2025
#  Simulation has been initialized
# Waveform file 'untitled.awc' connected to 'C:/Users/Joaco/Universidad/TDA/TDA_Workspace/TDA_Workspace/src/wave.asdb'.
run
endsim
# KERNEL: stopped at time: 513400 ns
# VSIM: Simulation has finished.
asim -O5 +access +r +m+test_mult4 test_mult4 driver
# ELBREAD: Elaboration process.
# ELBREAD: Elaboration time 0.0 [s].
# VSIM: Stack memory: 32MB
# VSIM: Retval memory: 32MB
# 
# KERNEL: Main thread initiated.
# KERNEL: Kernel process initialization phase.
# ELAB2: Elaboration final pass...
# ELAB2: Create instances ...
# KERNEL: Time resolution set to 1ps.
# ELAB2: Create instances complete.
# SLP: Started
# SLP: Elaboration phase ...
# SLP: Elaboration phase ... skipped, nothing to simulate in SLP mode : 0.0 [s]
# SLP: Finished : 0.0 [s]
# ELAB2: Elaboration final pass complete - time: 0.0 [s].
# KERNEL: Warning: You are using the Active-HDL Student Edition. The performance of simulation is running at a reduced rate.
# KERNEL: Warning: Contact Aldec for available upgrade options - sales@aldec.com.
# KERNEL: Kernel process initialization done.
# Allocation: Simulator allocated 6408 kB (elbread=427 elab2=5845 kernel=135 sdf=0)
# KERNEL: ASDB file was created in location C:\Users\Joaco\Universidad\TDA\TDA_Workspace\TDA_Workspace\src\wave.asdb
#  17:35, sábado, 1 de noviembre de 2025
#  Simulation has been initialized
# Waveform file 'untitled.awc' connected to 'C:/Users/Joaco/Universidad/TDA/TDA_Workspace/TDA_Workspace/src/wave.asdb'.
run
endsim
# KERNEL: stopped at time: 743423 ns
# VSIM: Simulation has finished.
acom -O3 -e 100 -work TDA_Workspace -2002  $dsn/src/Practica09/test_mult4.vhd
# Compile Entity "Mult4"
# Compile Architecture "behaviour" of Entity "Mult4"
# Compile Entity "test_mult4"
# Compile Architecture "Driver" of Entity "test_mult4"
# Compile success 0 Errors 0 Warnings  Analysis time :  63.0 [ms]
asim -O5 +access +r +m+test_mult4 test_mult4 driver
# ELBREAD: Elaboration process.
# ELBREAD: Elaboration time 0.0 [s].
# VSIM: Stack memory: 32MB
# VSIM: Retval memory: 32MB
# 
# KERNEL: Main thread initiated.
# KERNEL: Kernel process initialization phase.
# ELAB2: Elaboration final pass...
# ELAB2: Create instances ...
# KERNEL: Time resolution set to 1ps.
# ELAB2: Create instances complete.
# SLP: Started
# SLP: Elaboration phase ...
# SLP: Elaboration phase ... skipped, nothing to simulate in SLP mode : 0.0 [s]
# SLP: Finished : 0.0 [s]
# ELAB2: Elaboration final pass complete - time: 0.0 [s].
# KERNEL: Warning: You are using the Active-HDL Student Edition. The performance of simulation is running at a reduced rate.
# KERNEL: Warning: Contact Aldec for available upgrade options - sales@aldec.com.
# KERNEL: Kernel process initialization done.
# Allocation: Simulator allocated 6416 kB (elbread=427 elab2=5849 kernel=139 sdf=0)
# KERNEL: ASDB file was created in location C:\Users\Joaco\Universidad\TDA\TDA_Workspace\TDA_Workspace\src\wave.asdb
#  17:37, sábado, 1 de noviembre de 2025
#  Simulation has been initialized
# Waveform file 'untitled.awc' connected to 'C:/Users/Joaco/Universidad/TDA/TDA_Workspace/TDA_Workspace/src/wave.asdb'.
run
# EXECUTION:: NOTE   : Fin de simulación
# EXECUTION:: Time: 0 ps,  Iteration: 1,  Instance: /test_mult4,  Process: Monitor.
# RUNTIME: Info: RUNTIME_0141 test_mult4.vhd (150): stop called.
# KERNEL: Time: 0 ps,  Iteration: 1,  Instance: /test_mult4,  Process: Monitor.
# KERNEL: Stopped at time 0 ps + 1.
run
# EXECUTION:: NOTE   : Fin de simulación
# EXECUTION:: Time: 180 ns,  Iteration: 2,  Instance: /test_mult4,  Process: Monitor.
# RUNTIME: Info: RUNTIME_0141 test_mult4.vhd (150): stop called.
# KERNEL: Time: 180 ns,  Iteration: 2,  Instance: /test_mult4,  Process: Monitor.
# KERNEL: Stopped at time 180 ns + 2.
acom -O3 -e 100 -work TDA_Workspace -2002  $dsn/src/Practica09/test_mult4.vhd
# Compile Entity "Mult4"
# Compile Architecture "behaviour" of Entity "Mult4"
# Compile Entity "test_mult4"
# Compile Architecture "Driver" of Entity "test_mult4"
# Compile success 0 Errors 0 Warnings  Analysis time :  63.0 [ms]
run
# EXECUTION:: NOTE   : Fin de simulación
# EXECUTION:: Time: 360 ns,  Iteration: 2,  Instance: /test_mult4,  Process: Monitor.
# RUNTIME: Info: RUNTIME_0141 test_mult4.vhd (150): stop called.
# KERNEL: Time: 360 ns,  Iteration: 2,  Instance: /test_mult4,  Process: Monitor.
# KERNEL: Stopped at time 360 ns + 2.
run
# EXECUTION:: NOTE   : Fin de simulación
# EXECUTION:: Time: 540 ns,  Iteration: 2,  Instance: /test_mult4,  Process: Monitor.
# RUNTIME: Info: RUNTIME_0141 test_mult4.vhd (150): stop called.
# KERNEL: Time: 540 ns,  Iteration: 2,  Instance: /test_mult4,  Process: Monitor.
# KERNEL: Stopped at time 540 ns + 2.
endsim
# VSIM: Simulation has finished.
asim -O5 +access +r +m+test_mult4 test_mult4 driver
# ELBREAD: Elaboration process.
# ELBREAD: Elaboration time 0.0 [s].
# VSIM: Stack memory: 32MB
# VSIM: Retval memory: 32MB
# 
# KERNEL: Main thread initiated.
# KERNEL: Kernel process initialization phase.
# ELAB2: Elaboration final pass...
# ELAB2: Create instances ...
# KERNEL: Time resolution set to 1ps.
# ELAB2: Create instances complete.
# SLP: Started
# SLP: Elaboration phase ...
# SLP: Elaboration phase ... skipped, nothing to simulate in SLP mode : 0.0 [s]
# SLP: Finished : 0.0 [s]
# ELAB2: Elaboration final pass complete - time: 0.0 [s].
# KERNEL: Warning: You are using the Active-HDL Student Edition. The performance of simulation is running at a reduced rate.
# KERNEL: Warning: Contact Aldec for available upgrade options - sales@aldec.com.
# KERNEL: Kernel process initialization done.
# Allocation: Simulator allocated 6417 kB (elbread=427 elab2=5849 kernel=139 sdf=0)
# KERNEL: ASDB file was created in location C:\Users\Joaco\Universidad\TDA\TDA_Workspace\TDA_Workspace\src\wave.asdb
#  17:40, sábado, 1 de noviembre de 2025
#  Simulation has been initialized
# Waveform file 'untitled.awc' connected to 'C:/Users/Joaco/Universidad/TDA/TDA_Workspace/TDA_Workspace/src/wave.asdb'.
run 300 ns
# EXECUTION:: NOTE   : Fin de simulación
# EXECUTION:: Time: 0 ps,  Iteration: 1,  Instance: /test_mult4,  Process: Monitor.
# RUNTIME: Info: RUNTIME_0141 test_mult4.vhd (151): stop called.
# KERNEL: Time: 0 ps,  Iteration: 1,  Instance: /test_mult4,  Process: Monitor.
# KERNEL: Stopped at time 0 ps + 1.
run 300 ns
# EXECUTION:: NOTE   : Fin de simulación
# EXECUTION:: Time: 180 ns,  Iteration: 2,  Instance: /test_mult4,  Process: Monitor.
# RUNTIME: Info: RUNTIME_0141 test_mult4.vhd (151): stop called.
# KERNEL: Time: 180 ns,  Iteration: 2,  Instance: /test_mult4,  Process: Monitor.
# KERNEL: Stopped at time 180 ns + 2.
endsim
# VSIM: Simulation has finished.
acom -O3 -e 100 -work TDA_Workspace -2002  $dsn/src/Practica09/test_mult4.vhd
# Compile Entity "Mult4"
# Compile Architecture "behaviour" of Entity "Mult4"
# Compile Entity "test_mult4"
# Compile Architecture "Driver" of Entity "test_mult4"
# Compile success 0 Errors 0 Warnings  Analysis time :  47.0 [ms]
asim -O5 +access +r +m+test_mult4 test_mult4 driver
# ELBREAD: Elaboration process.
# ELBREAD: Elaboration time 0.0 [s].
# VSIM: Stack memory: 32MB
# VSIM: Retval memory: 32MB
# 
# KERNEL: Main thread initiated.
# KERNEL: Kernel process initialization phase.
# ELAB2: Elaboration final pass...
# ELAB2: Create instances ...
# KERNEL: Time resolution set to 1ps.
# ELAB2: Create instances complete.
# SLP: Started
# SLP: Elaboration phase ...
# SLP: Elaboration phase ... skipped, nothing to simulate in SLP mode : 0.0 [s]
# SLP: Finished : 0.0 [s]
# ELAB2: Elaboration final pass complete - time: 0.0 [s].
# KERNEL: Warning: You are using the Active-HDL Student Edition. The performance of simulation is running at a reduced rate.
# KERNEL: Warning: Contact Aldec for available upgrade options - sales@aldec.com.
# KERNEL: Kernel process initialization done.
# Allocation: Simulator allocated 6408 kB (elbread=427 elab2=5845 kernel=135 sdf=0)
# KERNEL: ASDB file was created in location C:\Users\Joaco\Universidad\TDA\TDA_Workspace\TDA_Workspace\src\wave.asdb
#  17:42, sábado, 1 de noviembre de 2025
#  Simulation has been initialized
# Waveform file 'untitled.awc' connected to 'C:/Users/Joaco/Universidad/TDA/TDA_Workspace/TDA_Workspace/src/wave.asdb'.
run
endsim
# KERNEL: stopped at time: 397717 ns
# VSIM: Simulation has finished.
asim -O5 +access +r +m+test_mult4 test_mult4 driver
# ELBREAD: Elaboration process.
# ELBREAD: Elaboration time 0.0 [s].
# VSIM: Stack memory: 32MB
# VSIM: Retval memory: 32MB
# 
# KERNEL: Main thread initiated.
# KERNEL: Kernel process initialization phase.
# ELAB2: Elaboration final pass...
# ELAB2: Create instances ...
# KERNEL: Time resolution set to 1ps.
# ELAB2: Create instances complete.
# SLP: Started
# SLP: Elaboration phase ...
# SLP: Elaboration phase ... skipped, nothing to simulate in SLP mode : 0.0 [s]
# SLP: Finished : 0.0 [s]
# ELAB2: Elaboration final pass complete - time: 0.0 [s].
# KERNEL: Warning: You are using the Active-HDL Student Edition. The performance of simulation is running at a reduced rate.
# KERNEL: Warning: Contact Aldec for available upgrade options - sales@aldec.com.
# KERNEL: Kernel process initialization done.
# Allocation: Simulator allocated 6408 kB (elbread=427 elab2=5845 kernel=135 sdf=0)
# KERNEL: ASDB file was created in location C:\Users\Joaco\Universidad\TDA\TDA_Workspace\TDA_Workspace\src\wave.asdb
#  17:42, sábado, 1 de noviembre de 2025
#  Simulation has been initialized
# Waveform file 'untitled.awc' connected to 'C:/Users/Joaco/Universidad/TDA/TDA_Workspace/TDA_Workspace/src/wave.asdb'.
run 300 ns
# KERNEL: stopped at time: 300 ns
acom -O3 -e 100 -work TDA_Workspace -2002  $dsn/src/Practica09/test_mult4.vhd
# Compile Entity "Mult4"
# Compile Architecture "behaviour" of Entity "Mult4"
# Compile Entity "test_mult4"
# Compile Architecture "Driver" of Entity "test_mult4"
# Compile success 0 Errors 0 Warnings  Analysis time :  47.0 [ms]
run 300 ns
# KERNEL: stopped at time: 600 ns
endsim
# VSIM: Simulation has finished.
asim -O5 +access +r +m+test_mult4 test_mult4 driver
# ELBREAD: Elaboration process.
# ELBREAD: Elaboration time 0.0 [s].
# VSIM: Stack memory: 32MB
# VSIM: Retval memory: 32MB
# 
# KERNEL: Main thread initiated.
# KERNEL: Kernel process initialization phase.
# ELAB2: Elaboration final pass...
# ELAB2: Create instances ...
# KERNEL: Time resolution set to 1ps.
# ELAB2: Create instances complete.
# SLP: Started
# SLP: Elaboration phase ...
# SLP: Elaboration phase ... skipped, nothing to simulate in SLP mode : 0.0 [s]
# SLP: Finished : 0.0 [s]
# ELAB2: Elaboration final pass complete - time: 0.0 [s].
# KERNEL: Warning: You are using the Active-HDL Student Edition. The performance of simulation is running at a reduced rate.
# KERNEL: Warning: Contact Aldec for available upgrade options - sales@aldec.com.
# KERNEL: Kernel process initialization done.
# Allocation: Simulator allocated 6408 kB (elbread=427 elab2=5845 kernel=135 sdf=0)
# KERNEL: ASDB file was created in location C:\Users\Joaco\Universidad\TDA\TDA_Workspace\TDA_Workspace\src\wave.asdb
#  17:42, sábado, 1 de noviembre de 2025
#  Simulation has been initialized
# Waveform file 'untitled.awc' connected to 'C:/Users/Joaco/Universidad/TDA/TDA_Workspace/TDA_Workspace/src/wave.asdb'.
run 300 ns
# KERNEL: stopped at time: 300 ns
acom -O3 -e 100 -work TDA_Workspace -2002  $dsn/src/Practica09/test_mult4.vhd
# Compile Entity "Mult4"
# Compile Architecture "behaviour" of Entity "Mult4"
# Compile Entity "test_mult4"
# Compile Architecture "Driver" of Entity "test_mult4"
# Compile success 0 Errors 0 Warnings  Analysis time :  47.0 [ms]
run
endsim
# KERNEL: stopped at time: 2528840 ns
# VSIM: Simulation has finished.
asim -O5 +access +r +m+test_mult4 test_mult4 driver
# ELBREAD: Elaboration process.
# ELBREAD: Elaboration time 0.0 [s].
# VSIM: Stack memory: 32MB
# VSIM: Retval memory: 32MB
# 
# KERNEL: Main thread initiated.
# KERNEL: Kernel process initialization phase.
# ELAB2: Elaboration final pass...
# ELAB2: Create instances ...
# KERNEL: Time resolution set to 1ps.
# ELAB2: Create instances complete.
# SLP: Started
# SLP: Elaboration phase ...
# SLP: Elaboration phase ... skipped, nothing to simulate in SLP mode : 0.0 [s]
# SLP: Finished : 0.0 [s]
# ELAB2: Elaboration final pass complete - time: 0.0 [s].
# KERNEL: Warning: You are using the Active-HDL Student Edition. The performance of simulation is running at a reduced rate.
# KERNEL: Warning: Contact Aldec for available upgrade options - sales@aldec.com.
# KERNEL: Kernel process initialization done.
# Allocation: Simulator allocated 6408 kB (elbread=427 elab2=5845 kernel=135 sdf=0)
# KERNEL: ASDB file was created in location C:\Users\Joaco\Universidad\TDA\TDA_Workspace\TDA_Workspace\src\wave.asdb
#  17:43, sábado, 1 de noviembre de 2025
#  Simulation has been initialized
# Waveform file 'untitled.awc' connected to 'C:/Users/Joaco/Universidad/TDA/TDA_Workspace/TDA_Workspace/src/wave.asdb'.
run
endsim
# KERNEL: stopped at time: 575980 ns
# VSIM: Simulation has finished.
asim -O5 +access +r +m+test_mult4 test_mult4 driver
# ELBREAD: Elaboration process.
# ELBREAD: Elaboration time 0.0 [s].
# VSIM: Stack memory: 32MB
# VSIM: Retval memory: 32MB
# 
# KERNEL: Main thread initiated.
# KERNEL: Kernel process initialization phase.
# ELAB2: Elaboration final pass...
# ELAB2: Create instances ...
# KERNEL: Time resolution set to 1ps.
# ELAB2: Create instances complete.
# SLP: Started
# SLP: Elaboration phase ...
# SLP: Elaboration phase ... skipped, nothing to simulate in SLP mode : 0.0 [s]
# SLP: Finished : 0.0 [s]
# ELAB2: Elaboration final pass complete - time: 0.0 [s].
# KERNEL: Warning: You are using the Active-HDL Student Edition. The performance of simulation is running at a reduced rate.
# KERNEL: Warning: Contact Aldec for available upgrade options - sales@aldec.com.
# KERNEL: Kernel process initialization done.
# Allocation: Simulator allocated 6408 kB (elbread=427 elab2=5845 kernel=135 sdf=0)
# KERNEL: ASDB file was created in location C:\Users\Joaco\Universidad\TDA\TDA_Workspace\TDA_Workspace\src\wave.asdb
#  17:43, sábado, 1 de noviembre de 2025
#  Simulation has been initialized
# Waveform file 'untitled.awc' connected to 'C:/Users/Joaco/Universidad/TDA/TDA_Workspace/TDA_Workspace/src/wave.asdb'.
run 300 ns
# KERNEL: stopped at time: 300 ns
endsim
# VSIM: Simulation has finished.
acom -O3 -e 100 -work TDA_Workspace -2002  $dsn/src/Practica09/test_mult4.vhd
# Compile Entity "Mult4"
# Compile Architecture "behaviour" of Entity "Mult4"
# Compile Entity "test_mult4"
# Compile Architecture "Driver" of Entity "test_mult4"
# Compile success 0 Errors 0 Warnings  Analysis time :  47.0 [ms]
asim -O5 +access +r +m+test_mult4 test_mult4 driver
# ELBREAD: Elaboration process.
# ELBREAD: Elaboration time 0.0 [s].
# VSIM: Stack memory: 32MB
# VSIM: Retval memory: 32MB
# 
# KERNEL: Main thread initiated.
# KERNEL: Kernel process initialization phase.
# ELAB2: Elaboration final pass...
# ELAB2: Create instances ...
# KERNEL: Time resolution set to 1ps.
# ELAB2: Create instances complete.
# SLP: Started
# SLP: Elaboration phase ...
# SLP: Elaboration phase ... skipped, nothing to simulate in SLP mode : 0.0 [s]
# SLP: Finished : 0.0 [s]
# ELAB2: Elaboration final pass complete - time: 0.0 [s].
# KERNEL: Warning: You are using the Active-HDL Student Edition. The performance of simulation is running at a reduced rate.
# KERNEL: Warning: Contact Aldec for available upgrade options - sales@aldec.com.
# KERNEL: Kernel process initialization done.
# Allocation: Simulator allocated 6408 kB (elbread=427 elab2=5845 kernel=135 sdf=0)
# KERNEL: ASDB file was created in location C:\Users\Joaco\Universidad\TDA\TDA_Workspace\TDA_Workspace\src\wave.asdb
#  17:43, sábado, 1 de noviembre de 2025
#  Simulation has been initialized
# Waveform file 'untitled.awc' connected to 'C:/Users/Joaco/Universidad/TDA/TDA_Workspace/TDA_Workspace/src/wave.asdb'.
run 300 ns
# KERNEL: stopped at time: 300 ns
endsim
# VSIM: Simulation has finished.
asim -O5 +access +r +m+test_mult4 test_mult4 driver
# ELBREAD: Elaboration process.
# ELBREAD: Elaboration time 0.0 [s].
# VSIM: Stack memory: 32MB
# VSIM: Retval memory: 32MB
# 
# KERNEL: Main thread initiated.
# KERNEL: Kernel process initialization phase.
# ELAB2: Elaboration final pass...
# ELAB2: Create instances ...
# KERNEL: Time resolution set to 1ps.
# ELAB2: Create instances complete.
# SLP: Started
# SLP: Elaboration phase ...
# SLP: Elaboration phase ... skipped, nothing to simulate in SLP mode : 0.0 [s]
# SLP: Finished : 0.0 [s]
# ELAB2: Elaboration final pass complete - time: 0.0 [s].
# KERNEL: Warning: You are using the Active-HDL Student Edition. The performance of simulation is running at a reduced rate.
# KERNEL: Warning: Contact Aldec for available upgrade options - sales@aldec.com.
# KERNEL: Kernel process initialization done.
# Allocation: Simulator allocated 6408 kB (elbread=427 elab2=5845 kernel=135 sdf=0)
# KERNEL: ASDB file was created in location C:\Users\Joaco\Universidad\TDA\TDA_Workspace\TDA_Workspace\src\wave.asdb
#  17:44, sábado, 1 de noviembre de 2025
#  Simulation has been initialized
# Waveform file 'untitled.awc' connected to 'C:/Users/Joaco/Universidad/TDA/TDA_Workspace/TDA_Workspace/src/wave.asdb'.
run 300 ns
# KERNEL: stopped at time: 300 ns
endsim
# VSIM: Simulation has finished.
acom -O3 -e 100 -work TDA_Workspace -2002  $dsn/src/Practica09/test_mult4.vhd
# Compile Entity "Mult4"
# Compile Architecture "behaviour" of Entity "Mult4"
# Compile Entity "test_mult4"
# Compile Architecture "Driver" of Entity "test_mult4"
# Compile success 0 Errors 0 Warnings  Analysis time :  47.0 [ms]
asim -O5 +access +r +m+test_mult4 test_mult4 driver
# ELBREAD: Elaboration process.
# ELBREAD: Elaboration time 0.0 [s].
# VSIM: Stack memory: 32MB
# VSIM: Retval memory: 32MB
# 
# KERNEL: Main thread initiated.
# KERNEL: Kernel process initialization phase.
# ELAB2: Elaboration final pass...
# ELAB2: Create instances ...
# KERNEL: Time resolution set to 1ps.
# ELAB2: Create instances complete.
# SLP: Started
# SLP: Elaboration phase ...
# SLP: Elaboration phase ... skipped, nothing to simulate in SLP mode : 0.0 [s]
# SLP: Finished : 0.0 [s]
# ELAB2: Elaboration final pass complete - time: 0.0 [s].
# KERNEL: Warning: You are using the Active-HDL Student Edition. The performance of simulation is running at a reduced rate.
# KERNEL: Warning: Contact Aldec for available upgrade options - sales@aldec.com.
# KERNEL: Kernel process initialization done.
# Allocation: Simulator allocated 6409 kB (elbread=427 elab2=5846 kernel=135 sdf=0)
# KERNEL: ASDB file was created in location C:\Users\Joaco\Universidad\TDA\TDA_Workspace\TDA_Workspace\src\wave.asdb
#  17:45, sábado, 1 de noviembre de 2025
#  Simulation has been initialized
# Waveform file 'untitled.awc' connected to 'C:/Users/Joaco/Universidad/TDA/TDA_Workspace/TDA_Workspace/src/wave.asdb'.
run 300 ns
# KERNEL: stopped at time: 300 ns
acom -O3 -e 100 -work TDA_Workspace -2002  $dsn/src/Practica09/test_mult4.vhd
# Compile Entity "Mult4"
# Compile Architecture "behaviour" of Entity "Mult4"
# Compile Entity "test_mult4"
# Compile Architecture "Driver" of Entity "test_mult4"
# Compile success 0 Errors 0 Warnings  Analysis time :  46.0 [ms]
endsim
# VSIM: Simulation has finished.
asim -O5 +access +r +m+test_mult4 test_mult4 driver
# ELBREAD: Elaboration process.
# ELBREAD: Elaboration time 0.0 [s].
# VSIM: Stack memory: 32MB
# VSIM: Retval memory: 32MB
# 
# KERNEL: Main thread initiated.
# KERNEL: Kernel process initialization phase.
# ELAB2: Elaboration final pass...
# ELAB2: Create instances ...
# KERNEL: Time resolution set to 1ps.
# ELAB2: Create instances complete.
# SLP: Started
# SLP: Elaboration phase ...
# SLP: Elaboration phase ... skipped, nothing to simulate in SLP mode : 0.0 [s]
# SLP: Finished : 0.0 [s]
# ELAB2: Elaboration final pass complete - time: 0.0 [s].
# KERNEL: Warning: You are using the Active-HDL Student Edition. The performance of simulation is running at a reduced rate.
# KERNEL: Warning: Contact Aldec for available upgrade options - sales@aldec.com.
# KERNEL: Kernel process initialization done.
# Allocation: Simulator allocated 6409 kB (elbread=427 elab2=5846 kernel=135 sdf=0)
# KERNEL: ASDB file was created in location C:\Users\Joaco\Universidad\TDA\TDA_Workspace\TDA_Workspace\src\wave.asdb
#  17:46, sábado, 1 de noviembre de 2025
#  Simulation has been initialized
# Waveform file 'untitled.awc' connected to 'C:/Users/Joaco/Universidad/TDA/TDA_Workspace/TDA_Workspace/src/wave.asdb'.
run 300 ns
# KERNEL: stopped at time: 300 ns
acom -O3 -e 100 -work TDA_Workspace -2002  $dsn/src/Practica09/test_mult4.vhd
# Compile Entity "Mult4"
# Compile Architecture "behaviour" of Entity "Mult4"
# Compile Entity "test_mult4"
# Compile Architecture "Driver" of Entity "test_mult4"
# Error: COMP96_0018: Practica09/test_mult4.vhd : (134, 1): Identifier expected.
# Compile failure 1 Errors 0 Warnings  Analysis time :  31.0 [ms]
acom -O3 -e 100 -work TDA_Workspace -2002  $dsn/src/Practica09/test_mult4.vhd
# Compile Entity "Mult4"
# Compile Architecture "behaviour" of Entity "Mult4"
# Compile Entity "test_mult4"
# Compile Architecture "Driver" of Entity "test_mult4"
# Compile success 0 Errors 0 Warnings  Analysis time :  62.0 [ms]
endsim
# VSIM: Simulation has finished.
asim -O5 +access +r +m+test_mult4 test_mult4 driver
# ELBREAD: Elaboration process.
# ELBREAD: Elaboration time 0.0 [s].
# VSIM: Stack memory: 32MB
# VSIM: Retval memory: 32MB
# 
# KERNEL: Main thread initiated.
# KERNEL: Kernel process initialization phase.
# ELAB2: Elaboration final pass...
# ELAB2: Create instances ...
# KERNEL: Time resolution set to 1ps.
# ELAB2: Create instances complete.
# SLP: Started
# SLP: Elaboration phase ...
# SLP: Elaboration phase ... skipped, nothing to simulate in SLP mode : 0.0 [s]
# SLP: Finished : 0.0 [s]
# ELAB2: Elaboration final pass complete - time: 0.0 [s].
# KERNEL: Warning: You are using the Active-HDL Student Edition. The performance of simulation is running at a reduced rate.
# KERNEL: Warning: Contact Aldec for available upgrade options - sales@aldec.com.
# KERNEL: Kernel process initialization done.
# Allocation: Simulator allocated 6409 kB (elbread=427 elab2=5846 kernel=135 sdf=0)
# KERNEL: ASDB file was created in location C:\Users\Joaco\Universidad\TDA\TDA_Workspace\TDA_Workspace\src\wave.asdb
#  19:43, sábado, 1 de noviembre de 2025
#  Simulation has been initialized
# Waveform file 'untitled.awc' connected to 'C:/Users/Joaco/Universidad/TDA/TDA_Workspace/TDA_Workspace/src/wave.asdb'.
run 300 ns
# KERNEL: stopped at time: 300 ns
endsim
# VSIM: Simulation has finished.
asim -O5 +access +r +m+test_mult4 test_mult4 driver
# ELBREAD: Elaboration process.
# ELBREAD: Elaboration time 0.0 [s].
# VSIM: Stack memory: 32MB
# VSIM: Retval memory: 32MB
# 
# KERNEL: Main thread initiated.
# KERNEL: Kernel process initialization phase.
# ELAB2: Elaboration final pass...
# ELAB2: Create instances ...
# KERNEL: Time resolution set to 1ps.
# ELAB2: Create instances complete.
# SLP: Started
# SLP: Elaboration phase ...
# SLP: Elaboration phase ... skipped, nothing to simulate in SLP mode : 0.0 [s]
# SLP: Finished : 0.0 [s]
# ELAB2: Elaboration final pass complete - time: 0.0 [s].
# KERNEL: Warning: You are using the Active-HDL Student Edition. The performance of simulation is running at a reduced rate.
# KERNEL: Warning: Contact Aldec for available upgrade options - sales@aldec.com.
# KERNEL: Kernel process initialization done.
# Allocation: Simulator allocated 6409 kB (elbread=427 elab2=5846 kernel=135 sdf=0)
# KERNEL: ASDB file was created in location C:\Users\Joaco\Universidad\TDA\TDA_Workspace\TDA_Workspace\src\wave.asdb
#  19:43, sábado, 1 de noviembre de 2025
#  Simulation has been initialized
# Waveform file 'untitled.awc' connected to 'C:/Users/Joaco/Universidad/TDA/TDA_Workspace/TDA_Workspace/src/wave.asdb'.
run 300 ns
# KERNEL: stopped at time: 300 ns
endsim
# VSIM: Simulation has finished.
acom -O3 -e 100 -work TDA_Workspace -2002  $dsn/src/Practica01/simple1.vhd $dsn/src/Practica01/simple2.vhd $dsn/src/Practica02/test_DFF.vhd $dsn/src/Practica03/test_latch8.vhd $dsn/src/Practica04/test_fulladder_PA.vhd $dsn/src/Practica04/test_block_atributos_PB.vhd $dsn/src/Practica05/test_adder8.vhd $dsn/src/Practica06/test_shiftN.vhd $dsn/src/Practica07/test_fsm.vhd $dsn/src/Practica08/test_utils.vhd $dsn/src/Practica09/test_mult4.vhd
# Compile Entity "simple"
# Compile Architecture "prueba" of Entity "simple"
# Compile Entity "simple"
# Warning: COMP96_0994: Practica01/simple2.vhd : (2, 1): Multiple entity "simple" found in "C:/Users/Joaco/Universidad/TDA/TDA_Workspace/TDA_Workspace/src/Practica01/simple2.vhd", "C:/Users/Joaco/Universidad/TDA/TDA_Workspace/TDA_Workspace/src/Practica01/simple1.vhd".
# Compile Architecture "prueba" of Entity "simple"
# Warning: COMP96_0994: Practica01/simple2.vhd : (5, 1): Multiple architecture "prueba" of entity "simple" found in "C:/Users/Joaco/Universidad/TDA/TDA_Workspace/TDA_Workspace/src/Practica01/simple2.vhd", "C:/Users/Joaco/Universidad/TDA/TDA_Workspace/TDA_Workspace/src/Practica01/simple1.vhd".
# Compile Entity "DFF"
# Compile Architecture "flujodedatos" of Entity "DFF"
# Compile Entity "Test_DFF"
# Compile Architecture "Driver" of Entity "Test_DFF"
# Compile Entity "Latch8"
# Compile Architecture "Estructura" of Entity "Latch8"
# Compile Entity "Test_Latch8"
# Compile Architecture "Driver" of Entity "Test_Latch8"
# Compile Entity "fulladder"
# Compile Architecture "ecuacion" of Entity "fulladder"
# Compile Entity "test_sumador"
# Compile Architecture "driver" of Entity "test_sumador"
# Compile Entity "Test_16"
# Compile Architecture "Behave_1" of Entity "Test_16"
# Compile Entity "Adder8"
# Compile Architecture "Estructura" of Entity "Adder8"
# Compile Entity "Test_Adder8"
# Compile Architecture "Driver" of Entity "Test_Adder8"
# Compile Entity "ShiftN"
# Compile Architecture "Behavior" of Entity "ShiftN"
# Compile Entity "Test_ShiftN"
# Compile Architecture "Driver" of Entity "Test_ShiftN"
# Compile Entity "Controller"
# Compile Architecture "FSM" of Entity "Controller"
# Compile Entity "Test_Controller"
# Compile Architecture "Driver" of Entity "Test_Controller"
# Compile Package "Utils"
# Compile Package Body "Utils"
# Compile Entity "Test_Utils"
# Compile Architecture "Driver" of Entity "Test_Utils"
# Compile Entity "Mult4"
# Compile Architecture "behaviour" of Entity "Mult4"
# Compile Entity "test_mult4"
# Compile Architecture "Driver" of Entity "test_mult4"
# Compile success 0 Errors 2 Warnings  Analysis time :  0.5 [s]
asim -O5 +access +r +m+test_mult4 test_mult4 driver
# ELBREAD: Elaboration process.
# ELBREAD: Elaboration time 0.0 [s].
# VSIM: Stack memory: 32MB
# VSIM: Retval memory: 32MB
# 
# KERNEL: Main thread initiated.
# KERNEL: Kernel process initialization phase.
# ELAB2: Elaboration final pass...
# ELAB2: Create instances ...
# KERNEL: Time resolution set to 1ps.
# ELAB2: Create instances complete.
# SLP: Started
# SLP: Elaboration phase ...
# SLP: Elaboration phase ... skipped, nothing to simulate in SLP mode : 0.0 [s]
# SLP: Finished : 0.0 [s]
# ELAB2: Elaboration final pass complete - time: 0.0 [s].
# KERNEL: Warning: You are using the Active-HDL Student Edition. The performance of simulation is running at a reduced rate.
# KERNEL: Warning: Contact Aldec for available upgrade options - sales@aldec.com.
# KERNEL: Kernel process initialization done.
# Allocation: Simulator allocated 6409 kB (elbread=427 elab2=5846 kernel=135 sdf=0)
# KERNEL: ASDB file was created in location C:\Users\Joaco\Universidad\TDA\TDA_Workspace\TDA_Workspace\src\wave.asdb
#  19:43, sábado, 1 de noviembre de 2025
#  Simulation has been initialized
# Waveform file 'untitled.awc' connected to 'C:/Users/Joaco/Universidad/TDA/TDA_Workspace/TDA_Workspace/src/wave.asdb'.
run
endsim
# KERNEL: stopped at time: 2569105998 ps
# VSIM: Simulation has finished.
asim -O5 +access +r +m+test_mult4 test_mult4 driver
# ELBREAD: Elaboration process.
# ELBREAD: Elaboration time 0.0 [s].
# VSIM: Stack memory: 32MB
# VSIM: Retval memory: 32MB
# 
# KERNEL: Main thread initiated.
# KERNEL: Kernel process initialization phase.
# ELAB2: Elaboration final pass...
# ELAB2: Create instances ...
# KERNEL: Time resolution set to 1ps.
# ELAB2: Create instances complete.
# SLP: Started
# SLP: Elaboration phase ...
# SLP: Elaboration phase ... skipped, nothing to simulate in SLP mode : 0.0 [s]
# SLP: Finished : 0.0 [s]
# ELAB2: Elaboration final pass complete - time: 0.0 [s].
# KERNEL: Warning: You are using the Active-HDL Student Edition. The performance of simulation is running at a reduced rate.
# KERNEL: Warning: Contact Aldec for available upgrade options - sales@aldec.com.
# KERNEL: Kernel process initialization done.
# Allocation: Simulator allocated 6409 kB (elbread=427 elab2=5846 kernel=135 sdf=0)
# KERNEL: ASDB file was created in location C:\Users\Joaco\Universidad\TDA\TDA_Workspace\TDA_Workspace\src\wave.asdb
#  19:43, sábado, 1 de noviembre de 2025
#  Simulation has been initialized
# Waveform file 'untitled.awc' connected to 'C:/Users/Joaco/Universidad/TDA/TDA_Workspace/TDA_Workspace/src/wave.asdb'.
run 300 ns
# KERNEL: stopped at time: 300 ns
acom -O3 -e 100 -work TDA_Workspace -2002  $dsn/src/Practica09/test_mult4.vhd
# Compile Entity "Mult4"
# Compile Architecture "behaviour" of Entity "Mult4"
# Compile Entity "test_mult4"
# Compile Architecture "Driver" of Entity "test_mult4"
# Compile success 0 Errors 0 Warnings  Analysis time :  0.1 [s]
endsim
# VSIM: Simulation has finished.
asim -O5 +access +r +m+test_mult4 test_mult4 driver
# ELBREAD: Elaboration process.
# ELBREAD: Elaboration time 0.0 [s].
# VSIM: Stack memory: 32MB
# VSIM: Retval memory: 32MB
# 
# KERNEL: Main thread initiated.
# KERNEL: Kernel process initialization phase.
# ELAB2: Elaboration final pass...
# ELAB2: Create instances ...
# KERNEL: Time resolution set to 1ps.
# ELAB2: Create instances complete.
# SLP: Started
# SLP: Elaboration phase ...
# SLP: Elaboration phase ... skipped, nothing to simulate in SLP mode : 0.0 [s]
# SLP: Finished : 0.0 [s]
# ELAB2: Elaboration final pass complete - time: 0.0 [s].
# KERNEL: Warning: You are using the Active-HDL Student Edition. The performance of simulation is running at a reduced rate.
# KERNEL: Warning: Contact Aldec for available upgrade options - sales@aldec.com.
# KERNEL: Kernel process initialization done.
# Allocation: Simulator allocated 6409 kB (elbread=427 elab2=5846 kernel=135 sdf=0)
# KERNEL: ASDB file was created in location C:\Users\Joaco\Universidad\TDA\TDA_Workspace\TDA_Workspace\src\wave.asdb
#  19:44, sábado, 1 de noviembre de 2025
#  Simulation has been initialized
# Waveform file 'untitled.awc' connected to 'C:/Users/Joaco/Universidad/TDA/TDA_Workspace/TDA_Workspace/src/wave.asdb'.
run 300 ns
# KERNEL: stopped at time: 300 ns
endsim
# VSIM: Simulation has finished.
asim -O5 +access +r +m+test_mult4 test_mult4 driver
# ELBREAD: Elaboration process.
# ELBREAD: Elaboration time 0.0 [s].
# VSIM: Stack memory: 32MB
# VSIM: Retval memory: 32MB
# 
acom -O3 -e 100 -work TDA_Workspace -2002  $dsn/src/Practica09/test_mult4.vhd
# Compile Entity "Mult4"
# Compile Architecture "behaviour" of Entity "Mult4"
# Compile Entity "test_mult4"
# Compile Architecture "Driver" of Entity "test_mult4"
# Compile success 0 Errors 0 Warnings  Analysis time :  32.0 [ms]
asim -O5 +access +r +m+test_mult4 test_mult4 driver
# ELBREAD: Elaboration process.
# ELBREAD: Elaboration time 0.0 [s].
# VSIM: Stack memory: 32MB
# VSIM: Retval memory: 32MB
# 
# KERNEL: Main thread initiated.
# KERNEL: Kernel process initialization phase.
# ELAB2: Elaboration final pass...
# ELAB2: Create instances ...
# KERNEL: Time resolution set to 1ps.
# ELAB2: Create instances complete.
# SLP: Started
# SLP: Elaboration phase ...
# SLP: Elaboration phase ... skipped, nothing to simulate in SLP mode : 0.0 [s]
# SLP: Finished : 0.0 [s]
# ELAB2: Elaboration final pass complete - time: 0.0 [s].
# KERNEL: Warning: You are using the Active-HDL Student Edition. The performance of simulation is running at a reduced rate.
# KERNEL: Warning: Contact Aldec for available upgrade options - sales@aldec.com.
# KERNEL: Kernel process initialization done.
# Allocation: Simulator allocated 6409 kB (elbread=427 elab2=5846 kernel=135 sdf=0)
# KERNEL: ASDB file was created in location C:\Users\Joaco\Universidad\TDA\TDA_Workspace\TDA_Workspace\src\wave.asdb
#  19:45, sábado, 1 de noviembre de 2025
#  Simulation has been initialized
# Waveform file 'untitled.awc' connected to 'C:/Users/Joaco/Universidad/TDA/TDA_Workspace/TDA_Workspace/src/wave.asdb'.
run 300 ns
# KERNEL: stopped at time: 300 ns
endsim
# VSIM: Simulation has finished.
asim -O5 +access +r +m+test_mult4 test_mult4 driver
# ELBREAD: Elaboration process.
# ELBREAD: Elaboration time 0.0 [s].
# VSIM: Stack memory: 32MB
# VSIM: Retval memory: 32MB
# 
# KERNEL: Main thread initiated.
# KERNEL: Kernel process initialization phase.
# ELAB2: Elaboration final pass...
# ELAB2: Create instances ...
# KERNEL: Time resolution set to 1ps.
# ELAB2: Create instances complete.
# SLP: Started
# SLP: Elaboration phase ...
# SLP: Elaboration phase ... skipped, nothing to simulate in SLP mode : 0.0 [s]
# SLP: Finished : 0.0 [s]
# ELAB2: Elaboration final pass complete - time: 0.0 [s].
# KERNEL: Warning: You are using the Active-HDL Student Edition. The performance of simulation is running at a reduced rate.
# KERNEL: Warning: Contact Aldec for available upgrade options - sales@aldec.com.
# KERNEL: Kernel process initialization done.
# Allocation: Simulator allocated 6409 kB (elbread=427 elab2=5846 kernel=135 sdf=0)
# KERNEL: ASDB file was created in location C:\Users\Joaco\Universidad\TDA\TDA_Workspace\TDA_Workspace\src\wave.asdb
#  19:45, sábado, 1 de noviembre de 2025
#  Simulation has been initialized
# Waveform file 'untitled.awc' connected to 'C:/Users/Joaco/Universidad/TDA/TDA_Workspace/TDA_Workspace/src/wave.asdb'.
run 300 ns
# KERNEL: stopped at time: 300 ns
endsim
# VSIM: Simulation has finished.
acom -O3 -e 100 -work TDA_Workspace -2002  $dsn/src/Practica09/test_mult4.vhd
# Compile Entity "Mult4"
# Compile Architecture "behaviour" of Entity "Mult4"
# Compile Entity "test_mult4"
# Compile Architecture "Driver" of Entity "test_mult4"
# Compile success 0 Errors 0 Warnings  Analysis time :  31.0 [ms]
acom -O3 -e 100 -work TDA_Workspace -2002  $dsn/src/Practica09/test_mult4.vhd
# Compile Entity "Mult4"
# Compile Architecture "behaviour" of Entity "Mult4"
# Compile Entity "test_mult4"
# Compile Architecture "Driver" of Entity "test_mult4"
# Compile success 0 Errors 0 Warnings  Analysis time :  63.0 [ms]
asim -O5 +access +r +m+test_mult4 test_mult4 driver
# ELBREAD: Elaboration process.
# ELBREAD: Elaboration time 0.0 [s].
# VSIM: Stack memory: 32MB
# VSIM: Retval memory: 32MB
# 
# KERNEL: Main thread initiated.
# KERNEL: Kernel process initialization phase.
# ELAB2: Elaboration final pass...
# ELAB2: Create instances ...
# KERNEL: Time resolution set to 1ps.
# ELAB2: Create instances complete.
# SLP: Started
# SLP: Elaboration phase ...
# SLP: Elaboration phase ... skipped, nothing to simulate in SLP mode : 0.0 [s]
# SLP: Finished : 0.0 [s]
# ELAB2: Elaboration final pass complete - time: 0.0 [s].
# KERNEL: Warning: You are using the Active-HDL Student Edition. The performance of simulation is running at a reduced rate.
# KERNEL: Warning: Contact Aldec for available upgrade options - sales@aldec.com.
# KERNEL: Kernel process initialization done.
# Allocation: Simulator allocated 6409 kB (elbread=427 elab2=5846 kernel=135 sdf=0)
# KERNEL: ASDB file was created in location C:\Users\Joaco\Universidad\TDA\TDA_Workspace\TDA_Workspace\src\wave.asdb
#  19:46, sábado, 1 de noviembre de 2025
#  Simulation has been initialized
# Waveform file 'untitled.awc' connected to 'C:/Users/Joaco/Universidad/TDA/TDA_Workspace/TDA_Workspace/src/wave.asdb'.
run 300 ns
# KERNEL: stopped at time: 300 ns
endsim
# VSIM: Simulation has finished.
acom -O3 -e 100 -work TDA_Workspace -2002  $dsn/src/Practica09/test_mult4.vhd
# Compile Entity "Mult4"
# Compile Architecture "behaviour" of Entity "Mult4"
# Compile Entity "test_mult4"
# Compile Architecture "Driver" of Entity "test_mult4"
# Compile success 0 Errors 0 Warnings  Analysis time :  63.0 [ms]
asim -O5 +access +r +m+test_mult4 test_mult4 driver
# ELBREAD: Elaboration process.
# ELBREAD: Elaboration time 0.0 [s].
# VSIM: Stack memory: 32MB
# VSIM: Retval memory: 32MB
# 
# KERNEL: Main thread initiated.
# KERNEL: Kernel process initialization phase.
# ELAB2: Elaboration final pass...
# ELAB2: Create instances ...
# KERNEL: Time resolution set to 1ps.
# ELAB2: Create instances complete.
# SLP: Started
# SLP: Elaboration phase ...
# SLP: Elaboration phase ... skipped, nothing to simulate in SLP mode : 0.0 [s]
# SLP: Finished : 0.0 [s]
# ELAB2: Elaboration final pass complete - time: 0.0 [s].
# KERNEL: Warning: You are using the Active-HDL Student Edition. The performance of simulation is running at a reduced rate.
# KERNEL: Warning: Contact Aldec for available upgrade options - sales@aldec.com.
# KERNEL: Kernel process initialization done.
# Allocation: Simulator allocated 6409 kB (elbread=427 elab2=5846 kernel=135 sdf=0)
# KERNEL: ASDB file was created in location C:\Users\Joaco\Universidad\TDA\TDA_Workspace\TDA_Workspace\src\wave.asdb
#  19:48, sábado, 1 de noviembre de 2025
#  Simulation has been initialized
# Waveform file 'untitled.awc' connected to 'C:/Users/Joaco/Universidad/TDA/TDA_Workspace/TDA_Workspace/src/wave.asdb'.
run 300 ns
# KERNEL: stopped at time: 300 ns
acom -O3 -e 100 -work TDA_Workspace -2002  $dsn/src/Practica09/test_mult4.vhd
# Compile Entity "Mult4"
# Compile Architecture "behaviour" of Entity "Mult4"
# Compile Entity "test_mult4"
# Compile Architecture "Driver" of Entity "test_mult4"
# Compile success 0 Errors 0 Warnings  Analysis time :  47.0 [ms]
endsim
# VSIM: Simulation has finished.
asim -O5 +access +r +m+test_mult4 test_mult4 driver
# ELBREAD: Elaboration process.
# ELBREAD: Elaboration time 0.0 [s].
# VSIM: Stack memory: 32MB
# VSIM: Retval memory: 32MB
# 
# KERNEL: Main thread initiated.
# KERNEL: Kernel process initialization phase.
# ELAB2: Elaboration final pass...
# ELAB2: Create instances ...
# KERNEL: Time resolution set to 1ps.
# ELAB2: Create instances complete.
# SLP: Started
# SLP: Elaboration phase ...
# SLP: Elaboration phase ... skipped, nothing to simulate in SLP mode : 0.0 [s]
# SLP: Finished : 0.0 [s]
# ELAB2: Elaboration final pass complete - time: 0.0 [s].
# KERNEL: Warning: You are using the Active-HDL Student Edition. The performance of simulation is running at a reduced rate.
# KERNEL: Warning: Contact Aldec for available upgrade options - sales@aldec.com.
# KERNEL: Kernel process initialization done.
# Allocation: Simulator allocated 6409 kB (elbread=427 elab2=5846 kernel=135 sdf=0)
# KERNEL: ASDB file was created in location C:\Users\Joaco\Universidad\TDA\TDA_Workspace\TDA_Workspace\src\wave.asdb
#  19:49, sábado, 1 de noviembre de 2025
#  Simulation has been initialized
# Waveform file 'untitled.awc' connected to 'C:/Users/Joaco/Universidad/TDA/TDA_Workspace/TDA_Workspace/src/wave.asdb'.
run 300 ns
# KERNEL: stopped at time: 300 ns
endsim
# VSIM: Simulation has finished.
asim -O5 +access +r +m+test_mult4 test_mult4 driver
# ELBREAD: Elaboration process.
# ELBREAD: Elaboration time 0.0 [s].
# VSIM: Stack memory: 32MB
# VSIM: Retval memory: 32MB
# 
# KERNEL: Main thread initiated.
# KERNEL: Kernel process initialization phase.
# ELAB2: Elaboration final pass...
# ELAB2: Create instances ...
# KERNEL: Time resolution set to 1ps.
# ELAB2: Create instances complete.
# SLP: Started
# SLP: Elaboration phase ...
# SLP: Elaboration phase ... skipped, nothing to simulate in SLP mode : 0.0 [s]
# SLP: Finished : 0.0 [s]
# ELAB2: Elaboration final pass complete - time: 0.0 [s].
# KERNEL: Warning: You are using the Active-HDL Student Edition. The performance of simulation is running at a reduced rate.
# KERNEL: Warning: Contact Aldec for available upgrade options - sales@aldec.com.
# KERNEL: Kernel process initialization done.
# Allocation: Simulator allocated 6409 kB (elbread=427 elab2=5846 kernel=135 sdf=0)
# KERNEL: ASDB file was created in location C:\Users\Joaco\Universidad\TDA\TDA_Workspace\TDA_Workspace\src\wave.asdb
#  19:49, sábado, 1 de noviembre de 2025
#  Simulation has been initialized
# Waveform file 'untitled.awc' connected to 'C:/Users/Joaco/Universidad/TDA/TDA_Workspace/TDA_Workspace/src/wave.asdb'.
run 300 ns
# KERNEL: stopped at time: 300 ns
acom -O3 -e 100 -work TDA_Workspace -2002  $dsn/src/Practica09/test_mult4.vhd
# Compile Entity "Mult4"
# Compile Architecture "behaviour" of Entity "Mult4"
# Compile Entity "test_mult4"
# Compile Architecture "Driver" of Entity "test_mult4"
# Compile success 0 Errors 0 Warnings  Analysis time :  47.0 [ms]
endsim
# VSIM: Simulation has finished.
asim -O5 +access +r +m+test_mult4 test_mult4 driver
# ELBREAD: Elaboration process.
# ELBREAD: Elaboration time 0.0 [s].
# VSIM: Stack memory: 32MB
# VSIM: Retval memory: 32MB
# 
# KERNEL: Main thread initiated.
# KERNEL: Kernel process initialization phase.
# ELAB2: Elaboration final pass...
# ELAB2: Create instances ...
# KERNEL: Time resolution set to 1ps.
# ELAB2: Create instances complete.
# SLP: Started
# SLP: Elaboration phase ...
# SLP: Elaboration phase ... skipped, nothing to simulate in SLP mode : 0.0 [s]
# SLP: Finished : 0.0 [s]
# ELAB2: Elaboration final pass complete - time: 0.0 [s].
# KERNEL: Warning: You are using the Active-HDL Student Edition. The performance of simulation is running at a reduced rate.
# KERNEL: Warning: Contact Aldec for available upgrade options - sales@aldec.com.
# KERNEL: Kernel process initialization done.
# Allocation: Simulator allocated 6409 kB (elbread=427 elab2=5846 kernel=135 sdf=0)
# KERNEL: ASDB file was created in location C:\Users\Joaco\Universidad\TDA\TDA_Workspace\TDA_Workspace\src\wave.asdb
#  19:49, sábado, 1 de noviembre de 2025
#  Simulation has been initialized
# Waveform file 'untitled.awc' connected to 'C:/Users/Joaco/Universidad/TDA/TDA_Workspace/TDA_Workspace/src/wave.asdb'.
run 300 ns
# KERNEL: stopped at time: 300 ns
acom -O3 -e 100 -work TDA_Workspace -2002  $dsn/src/Practica09/test_mult4.vhd
# Compile Entity "Mult4"
# Compile Architecture "behaviour" of Entity "Mult4"
# Compile Entity "test_mult4"
# Compile Architecture "Driver" of Entity "test_mult4"
# Compile success 0 Errors 0 Warnings  Analysis time :  63.0 [ms]
run 300 ns
# KERNEL: stopped at time: 600 ns
endsim
# VSIM: Simulation has finished.
asim -O5 +access +r +m+test_mult4 test_mult4 driver
# ELBREAD: Elaboration process.
# ELBREAD: Elaboration time 0.0 [s].
# VSIM: Stack memory: 32MB
# VSIM: Retval memory: 32MB
# 
# KERNEL: Main thread initiated.
# KERNEL: Kernel process initialization phase.
# ELAB2: Elaboration final pass...
# ELAB2: Create instances ...
# KERNEL: Time resolution set to 1ps.
# ELAB2: Create instances complete.
# SLP: Started
# SLP: Elaboration phase ...
# SLP: Elaboration phase ... skipped, nothing to simulate in SLP mode : 0.0 [s]
# SLP: Finished : 0.0 [s]
# ELAB2: Elaboration final pass complete - time: 0.0 [s].
# KERNEL: Warning: You are using the Active-HDL Student Edition. The performance of simulation is running at a reduced rate.
# KERNEL: Warning: Contact Aldec for available upgrade options - sales@aldec.com.
# KERNEL: Kernel process initialization done.
# Allocation: Simulator allocated 6409 kB (elbread=427 elab2=5846 kernel=135 sdf=0)
# KERNEL: ASDB file was created in location C:\Users\Joaco\Universidad\TDA\TDA_Workspace\TDA_Workspace\src\wave.asdb
#  19:50, sábado, 1 de noviembre de 2025
#  Simulation has been initialized
# Waveform file 'untitled.awc' connected to 'C:/Users/Joaco/Universidad/TDA/TDA_Workspace/TDA_Workspace/src/wave.asdb'.
run 300 ns
# KERNEL: stopped at time: 300 ns
acom -O3 -e 100 -work TDA_Workspace -2002  $dsn/src/Practica09/test_mult4.vhd
# Compile Entity "Mult4"
# Compile Architecture "behaviour" of Entity "Mult4"
# Compile Entity "test_mult4"
# Compile Architecture "Driver" of Entity "test_mult4"
# Compile success 0 Errors 0 Warnings  Analysis time :  46.0 [ms]
endsim
# VSIM: Simulation has finished.
asim -O5 +access +r +m+test_mult4 test_mult4 driver
# ELBREAD: Elaboration process.
# ELBREAD: Elaboration time 0.0 [s].
# VSIM: Stack memory: 32MB
# VSIM: Retval memory: 32MB
# 
# KERNEL: Main thread initiated.
# KERNEL: Kernel process initialization phase.
# ELAB2: Elaboration final pass...
# ELAB2: Create instances ...
# KERNEL: Time resolution set to 1ps.
# ELAB2: Create instances complete.
# SLP: Started
# SLP: Elaboration phase ...
# SLP: Elaboration phase ... skipped, nothing to simulate in SLP mode : 0.0 [s]
# SLP: Finished : 0.0 [s]
# ELAB2: Elaboration final pass complete - time: 0.0 [s].
# KERNEL: Warning: You are using the Active-HDL Student Edition. The performance of simulation is running at a reduced rate.
# KERNEL: Warning: Contact Aldec for available upgrade options - sales@aldec.com.
# KERNEL: Kernel process initialization done.
# Allocation: Simulator allocated 6410 kB (elbread=427 elab2=5847 kernel=135 sdf=0)
# KERNEL: ASDB file was created in location C:\Users\Joaco\Universidad\TDA\TDA_Workspace\TDA_Workspace\src\wave.asdb
#  20:15, sábado, 1 de noviembre de 2025
#  Simulation has been initialized
# Waveform file 'untitled.awc' connected to 'C:/Users/Joaco/Universidad/TDA/TDA_Workspace/TDA_Workspace/src/wave.asdb'.
run 300 ns
# KERNEL: stopped at time: 300 ns
acom -O3 -e 100 -work TDA_Workspace -2002  $dsn/src/Practica09/test_mult4.vhd
# Compile Entity "Mult4"
# Compile Architecture "behaviour" of Entity "Mult4"
# Compile Entity "test_mult4"
# Compile Architecture "Driver" of Entity "test_mult4"
# Compile success 0 Errors 0 Warnings  Analysis time :  63.0 [ms]
endsim
# VSIM: Simulation has finished.
asim -O5 +access +r +m+test_mult4 test_mult4 driver
# ELBREAD: Elaboration process.
# ELBREAD: Elaboration time 0.0 [s].
# VSIM: Stack memory: 32MB
# VSIM: Retval memory: 32MB
# 
# KERNEL: Main thread initiated.
# KERNEL: Kernel process initialization phase.
# ELAB2: Elaboration final pass...
# ELAB2: Create instances ...
# KERNEL: Time resolution set to 1ps.
# ELAB2: Create instances complete.
# SLP: Started
# SLP: Elaboration phase ...
# SLP: Elaboration phase ... skipped, nothing to simulate in SLP mode : 0.0 [s]
# SLP: Finished : 0.0 [s]
# ELAB2: Elaboration final pass complete - time: 0.0 [s].
# KERNEL: Warning: You are using the Active-HDL Student Edition. The performance of simulation is running at a reduced rate.
# KERNEL: Warning: Contact Aldec for available upgrade options - sales@aldec.com.
# KERNEL: Kernel process initialization done.
# Allocation: Simulator allocated 6410 kB (elbread=427 elab2=5847 kernel=135 sdf=0)
# KERNEL: ASDB file was created in location C:\Users\Joaco\Universidad\TDA\TDA_Workspace\TDA_Workspace\src\wave.asdb
#  20:33, sábado, 1 de noviembre de 2025
#  Simulation has been initialized
# Waveform file 'untitled.awc' connected to 'C:/Users/Joaco/Universidad/TDA/TDA_Workspace/TDA_Workspace/src/wave.asdb'.
run 300 ns
# KERNEL: stopped at time: 300 ns
acom -O3 -e 100 -work TDA_Workspace -2002  $dsn/src/Practica09/test_mult4.vhd
# Compile Entity "Mult4"
# Compile Architecture "behaviour" of Entity "Mult4"
# Compile Entity "test_mult4"
# Compile Architecture "Driver" of Entity "test_mult4"
# Compile success 0 Errors 0 Warnings  Analysis time :  31.0 [ms]
acom -O3 -e 100 -work TDA_Workspace -2002  $dsn/src/Practica09/test_mult4.vhd
# Compile Entity "Mult4"
# Compile Architecture "behaviour" of Entity "Mult4"
# Compile Entity "test_mult4"
# Compile Architecture "Driver" of Entity "test_mult4"
# Compile success 0 Errors 0 Warnings  Analysis time :  63.0 [ms]
run 300 ns
# KERNEL: stopped at time: 600 ns
endsim
# VSIM: Simulation has finished.
asim -O5 +access +r +m+test_mult4 test_mult4 driver
# ELBREAD: Elaboration process.
# ELBREAD: Elaboration time 0.0 [s].
# VSIM: Stack memory: 32MB
# VSIM: Retval memory: 32MB
# 
# KERNEL: Main thread initiated.
# KERNEL: Kernel process initialization phase.
# ELAB2: Elaboration final pass...
# ELAB2: Create instances ...
# KERNEL: Time resolution set to 1ps.
# ELAB2: Create instances complete.
# SLP: Started
# SLP: Elaboration phase ...
# SLP: Elaboration phase ... skipped, nothing to simulate in SLP mode : 0.0 [s]
# SLP: Finished : 0.0 [s]
# ELAB2: Elaboration final pass complete - time: 0.0 [s].
# KERNEL: Warning: You are using the Active-HDL Student Edition. The performance of simulation is running at a reduced rate.
# KERNEL: Warning: Contact Aldec for available upgrade options - sales@aldec.com.
# KERNEL: Kernel process initialization done.
# Allocation: Simulator allocated 6410 kB (elbread=427 elab2=5847 kernel=135 sdf=0)
# KERNEL: ASDB file was created in location C:\Users\Joaco\Universidad\TDA\TDA_Workspace\TDA_Workspace\src\wave.asdb
#  20:34, sábado, 1 de noviembre de 2025
#  Simulation has been initialized
# Waveform file 'untitled.awc' connected to 'C:/Users/Joaco/Universidad/TDA/TDA_Workspace/TDA_Workspace/src/wave.asdb'.
run 300 ns
# KERNEL: stopped at time: 300 ns
acom -O3 -e 100 -work TDA_Workspace -2002  $dsn/src/Practica05/test_adder8.vhd
# Compile Entity "Adder8"
# Compile Architecture "Estructura" of Entity "Adder8"
# Compile Entity "Test_Adder8"
# Compile Architecture "Driver" of Entity "Test_Adder8"
# Compile success 0 Errors 0 Warnings  Analysis time :  62.0 [ms]
acom -O3 -e 100 -work TDA_Workspace -2002  $dsn/src/Practica09/test_mult4.vhd
# Compile Entity "Mult4"
# Compile Architecture "behaviour" of Entity "Mult4"
# Compile Entity "test_mult4"
# Compile Architecture "Driver" of Entity "test_mult4"
# Compile success 0 Errors 0 Warnings  Analysis time :  47.0 [ms]
endsim
# VSIM: Simulation has finished.
asim -O5 +access +r +m+test_mult4 test_mult4 driver
# ELBREAD: Elaboration process.
# ELBREAD: Elaboration time 0.0 [s].
# VSIM: Stack memory: 32MB
# VSIM: Retval memory: 32MB
# 
# KERNEL: Main thread initiated.
# KERNEL: Kernel process initialization phase.
# ELAB2: Elaboration final pass...
# ELAB2: Create instances ...
# KERNEL: Time resolution set to 1ps.
# ELAB2: Create instances complete.
# SLP: Started
# SLP: Elaboration phase ...
# SLP: Elaboration phase ... skipped, nothing to simulate in SLP mode : 0.0 [s]
# SLP: Finished : 0.0 [s]
# ELAB2: Elaboration final pass complete - time: 0.0 [s].
# KERNEL: Warning: You are using the Active-HDL Student Edition. The performance of simulation is running at a reduced rate.
# KERNEL: Warning: Contact Aldec for available upgrade options - sales@aldec.com.
# KERNEL: Kernel process initialization done.
# Allocation: Simulator allocated 6410 kB (elbread=427 elab2=5847 kernel=135 sdf=0)
# KERNEL: ASDB file was created in location C:\Users\Joaco\Universidad\TDA\TDA_Workspace\TDA_Workspace\src\wave.asdb
#  21:04, sábado, 1 de noviembre de 2025
#  Simulation has been initialized
# Waveform file 'untitled.awc' connected to 'C:/Users/Joaco/Universidad/TDA/TDA_Workspace/TDA_Workspace/src/wave.asdb'.
run 300 ns
# KERNEL: stopped at time: 300 ns
acom -O3 -e 100 -work TDA_Workspace -2002  $dsn/src/Practica09/test_mult4.vhd
# Compile Entity "Mult4"
# Compile Architecture "behaviour" of Entity "Mult4"
# Compile Entity "test_mult4"
# Compile Architecture "Driver" of Entity "test_mult4"
# Compile success 0 Errors 0 Warnings  Analysis time :  31.0 [ms]
run 300 ns
# KERNEL: stopped at time: 600 ns
endsim
# VSIM: Simulation has finished.
asim -O5 +access +r +m+test_mult4 test_mult4 driver
# ELBREAD: Elaboration process.
# ELBREAD: Elaboration time 0.0 [s].
# VSIM: Stack memory: 32MB
# VSIM: Retval memory: 32MB
# 
# KERNEL: Main thread initiated.
# KERNEL: Kernel process initialization phase.
# ELAB2: Elaboration final pass...
# ELAB2: Create instances ...
# KERNEL: Time resolution set to 1ps.
# ELAB2: Create instances complete.
# SLP: Started
# SLP: Elaboration phase ...
# SLP: Elaboration phase ... skipped, nothing to simulate in SLP mode : 0.0 [s]
# SLP: Finished : 0.0 [s]
# ELAB2: Elaboration final pass complete - time: 0.0 [s].
# KERNEL: Warning: You are using the Active-HDL Student Edition. The performance of simulation is running at a reduced rate.
# KERNEL: Warning: Contact Aldec for available upgrade options - sales@aldec.com.
# KERNEL: Kernel process initialization done.
# Allocation: Simulator allocated 6410 kB (elbread=427 elab2=5847 kernel=135 sdf=0)
# KERNEL: ASDB file was created in location C:\Users\Joaco\Universidad\TDA\TDA_Workspace\TDA_Workspace\src\wave.asdb
#  21:04, sábado, 1 de noviembre de 2025
#  Simulation has been initialized
# Waveform file 'untitled.awc' connected to 'C:/Users/Joaco/Universidad/TDA/TDA_Workspace/TDA_Workspace/src/wave.asdb'.
run 300 ns
# KERNEL: stopped at time: 300 ns
acom -O3 -e 100 -work TDA_Workspace -2002  $dsn/src/Practica09/test_mult4.vhd
# Compile Entity "Mult4"
# Compile Architecture "behaviour" of Entity "Mult4"
# Compile Entity "test_mult4"
# Compile Architecture "Driver" of Entity "test_mult4"
# Compile success 0 Errors 0 Warnings  Analysis time :  31.0 [ms]
acom -O3 -e 100 -work TDA_Workspace -2002  $dsn/src/Practica09/test_mult4.vhd
# Compile Entity "Mult4"
# Compile Architecture "behaviour" of Entity "Mult4"
# Compile Entity "test_mult4"
# Compile Architecture "Driver" of Entity "test_mult4"
# Compile success 0 Errors 0 Warnings  Analysis time :  31.0 [ms]
endsim
# VSIM: Simulation has finished.
asim -O5 +access +r +m+test_mult4 test_mult4 driver
# ELBREAD: Elaboration process.
# ELBREAD: Elaboration time 0.0 [s].
# VSIM: Stack memory: 32MB
# VSIM: Retval memory: 32MB
# 
# KERNEL: Main thread initiated.
# KERNEL: Kernel process initialization phase.
# ELAB2: Elaboration final pass...
# ELAB2: Create instances ...
# KERNEL: Time resolution set to 1ps.
# ELAB2: Create instances complete.
# SLP: Started
# SLP: Elaboration phase ...
# SLP: Elaboration phase ... skipped, nothing to simulate in SLP mode : 0.0 [s]
# SLP: Finished : 0.0 [s]
# ELAB2: Elaboration final pass complete - time: 0.0 [s].
# KERNEL: Warning: You are using the Active-HDL Student Edition. The performance of simulation is running at a reduced rate.
# KERNEL: Warning: Contact Aldec for available upgrade options - sales@aldec.com.
# KERNEL: Kernel process initialization done.
# Allocation: Simulator allocated 6410 kB (elbread=427 elab2=5847 kernel=135 sdf=0)
# KERNEL: ASDB file was created in location C:\Users\Joaco\Universidad\TDA\TDA_Workspace\TDA_Workspace\src\wave.asdb
#  21:16, sábado, 1 de noviembre de 2025
#  Simulation has been initialized
# Waveform file 'untitled.awc' connected to 'C:/Users/Joaco/Universidad/TDA/TDA_Workspace/TDA_Workspace/src/wave.asdb'.
run 300 ns
# KERNEL: stopped at time: 300 ns
endsim
# VSIM: Simulation has finished.
asim -O5 +access +r +m+test_mult4 test_mult4 driver
# ELBREAD: Elaboration process.
# ELBREAD: Elaboration time 0.0 [s].
# VSIM: Stack memory: 32MB
# VSIM: Retval memory: 32MB
# 
# KERNEL: Main thread initiated.
# KERNEL: Kernel process initialization phase.
# ELAB2: Elaboration final pass...
# ELAB2: Create instances ...
# KERNEL: Time resolution set to 1ps.
# ELAB2: Create instances complete.
# SLP: Started
# SLP: Elaboration phase ...
# SLP: Elaboration phase ... skipped, nothing to simulate in SLP mode : 0.0 [s]
# SLP: Finished : 0.0 [s]
# ELAB2: Elaboration final pass complete - time: 0.0 [s].
# KERNEL: Warning: You are using the Active-HDL Student Edition. The performance of simulation is running at a reduced rate.
# KERNEL: Warning: Contact Aldec for available upgrade options - sales@aldec.com.
# KERNEL: Kernel process initialization done.
# Allocation: Simulator allocated 6410 kB (elbread=427 elab2=5847 kernel=135 sdf=0)
# KERNEL: ASDB file was created in location C:\Users\Joaco\Universidad\TDA\TDA_Workspace\TDA_Workspace\src\wave.asdb
#  21:16, sábado, 1 de noviembre de 2025
#  Simulation has been initialized
# Waveform file 'untitled.awc' connected to 'C:/Users/Joaco/Universidad/TDA/TDA_Workspace/TDA_Workspace/src/wave.asdb'.
run 300 ns
# KERNEL: stopped at time: 300 ns
endsim
# VSIM: Simulation has finished.
